<?xml version="1.0" encoding="UTF-8"?>
<!-- Generated by org.testng.reporters.JUnitReportReporter -->
<testsuite hostname="bruce" failures="0" tests="2" name="com.inetbankingV1.testCases.TC_RetrivingSucessfullCustDetailsTest_004" time="44.228" errors="0" timestamp="2023-08-21T13:21:03 IST" skipped="0">
  <testcase classname="com.inetbankingV1.testCases.TC_RetrivingSucessfullCustDetailsTest_004" name="TC_RetrivingSucessfullCustDetailsTest_004" time="18.234"/>
  <system-out/>
  <testcase classname="com.inetbankingV1.testCases.TC_RetrivingSucessfullCustDetailsTest_004" name="addnewcustomer" time="25.994"/>
  <system-out/>
</testsuite> <!-- com.inetbankingV1.testCases.TC_RetrivingSucessfullCustDetailsTest_004 -->
