<?xml version="1.0" encoding="UTF-8"?>
<!-- Generated by org.testng.reporters.JUnitReportReporter -->
<testsuite hostname="bruce" failures="0" tests="1" name="com.inetbankingV1.testCases.TC_LoginTest_001" time="1.257" errors="0" timestamp="2023-08-21T19:08:35 IST" skipped="0">
  <testcase classname="com.inetbankingV1.testCases.TC_LoginTest_001" name="loginTest" time="1.257"/>
  <system-out/>
</testsuite> <!-- com.inetbankingV1.testCases.TC_LoginTest_001 -->
