<?xml version="1.0" encoding="UTF-8"?>
<!-- Generated by org.testng.reporters.JUnitReportReporter -->
<testsuite hostname="bruce" failures="0" tests="1" name="com.inetbankingV1.testCases.TC_Addcustomer_003" time="26.423" errors="0" timestamp="2023-08-21T12:01:53 IST" skipped="0">
  <testcase classname="com.inetbankingV1.testCases.TC_Addcustomer_003" name="addnewcustomer" time="26.423"/>
  <system-out/>
</testsuite> <!-- com.inetbankingV1.testCases.TC_Addcustomer_003 -->
