<?xml version="1.0" encoding="UTF-8"?>
<!-- Generated by org.testng.reporters.JUnitReportReporter -->
<testsuite hostname="bruce" failures="0" tests="1" name="com.inetbankingV1.testCases.TC_LoginTest_001" time="1.980" errors="0" timestamp="2023-08-19T07:46:19 IST" skipped="0">
  <testcase classname="com.inetbankingV1.testCases.TC_LoginTest_001" name="loginTest" time="1.980"/>
  <system-out/>
</testsuite> <!-- com.inetbankingV1.testCases.TC_LoginTest_001 -->
