<?xml version="1.0" encoding="UTF-8"?>
<!-- Generated by org.testng.reporters.JUnitReportReporter -->
<testsuite hostname="bruce" failures="0" tests="1" name="com.inetbankingV1.testCases.TC_LoginTest_001" time="3.862" errors="0" timestamp="2023-08-17T16:08:56 IST" skipped="0">
  <testcase classname="com.inetbankingV1.testCases.TC_LoginTest_001" name="loginTest" time="3.862"/>
  <system-out/>
</testsuite> <!-- com.inetbankingV1.testCases.TC_LoginTest_001 -->
